2019.03.23 at 17:15:28 CST ERROR com.hubu.controller.RecordController 139 getRecordWithPageByCriteria - java.lang.NullPointerException
2019.03.23 at 17:17:45 CST ERROR com.hubu.controller.RecordController 139 getRecordWithPageByCriteria - java.lang.NullPointerException
2019.03.23 at 17:25:19 CST ERROR org.apache.juli.logging.DirectJDKLog 175 log - Failed to destroy the filter named [Tomcat WebSocket (JSR356) Filter] of type [org.apache.tomcat.websocket.server.WsFilter] java.lang.AbstractMethodError: org.apache.tomcat.websocket.server.WsFilter.destroy()V
	at org.apache.catalina.core.ApplicationFilterConfig.release(ApplicationFilterConfig.java:301) [tomcat-embed-core-9.0.14.jar:9.0.14]
	at org.apache.catalina.core.StandardContext.filterStop(StandardContext.java:4543) [tomcat-embed-core-9.0.14.jar:9.0.14]
	at org.apache.catalina.core.StandardContext.stopInternal(StandardContext.java:5345) [tomcat-embed-core-9.0.14.jar:9.0.14]
	at org.apache.catalina.util.LifecycleBase.stop(LifecycleBase.java:257) [tomcat-embed-core-9.0.14.jar:9.0.14]
	at org.apache.catalina.core.ContainerBase$StopChild.call(ContainerBase.java:1398) [tomcat-embed-core-9.0.14.jar:9.0.14]
	at org.apache.catalina.core.ContainerBase$StopChild.call(ContainerBase.java:1387) [tomcat-embed-core-9.0.14.jar:9.0.14]
	at java.util.concurrent.FutureTask.run(FutureTask.java:266) [?:1.8.0_131]
	at org.apache.tomcat.util.threads.InlineExecutorService.execute(InlineExecutorService.java:75) [tomcat-embed-core-9.0.14.jar:9.0.14]
	at java.util.concurrent.AbstractExecutorService.submit(AbstractExecutorService.java:134) [?:1.8.0_131]
	at org.apache.catalina.core.ContainerBase.stopInternal(ContainerBase.java:974) [tomcat-embed-core-9.0.14.jar:9.0.14]
	at org.apache.catalina.util.LifecycleBase.stop(LifecycleBase.java:257) [tomcat-embed-core-9.0.14.jar:9.0.14]
	at org.apache.catalina.core.ContainerBase$StopChild.call(ContainerBase.java:1398) [tomcat-embed-core-9.0.14.jar:9.0.14]
	at org.apache.catalina.core.ContainerBase$StopChild.call(ContainerBase.java:1387) [tomcat-embed-core-9.0.14.jar:9.0.14]
	at java.util.concurrent.FutureTask.run(FutureTask.java:266) [?:1.8.0_131]
	at org.apache.tomcat.util.threads.InlineExecutorService.execute(InlineExecutorService.java:75) [tomcat-embed-core-9.0.14.jar:9.0.14]
	at java.util.concurrent.AbstractExecutorService.submit(AbstractExecutorService.java:134) [?:1.8.0_131]
	at org.apache.catalina.core.ContainerBase.stopInternal(ContainerBase.java:974) [tomcat-embed-core-9.0.14.jar:9.0.14]
	at org.apache.catalina.util.LifecycleBase.stop(LifecycleBase.java:257) [tomcat-embed-core-9.0.14.jar:9.0.14]
	at org.apache.catalina.core.StandardService.stopInternal(StandardService.java:475) [tomcat-embed-core-9.0.14.jar:9.0.14]
	at org.apache.catalina.util.LifecycleBase.stop(LifecycleBase.java:257) [tomcat-embed-core-9.0.14.jar:9.0.14]
	at org.apache.catalina.core.StandardServer.stopInternal(StandardServer.java:995) [tomcat-embed-core-9.0.14.jar:9.0.14]
	at org.apache.catalina.util.LifecycleBase.stop(LifecycleBase.java:257) [tomcat-embed-core-9.0.14.jar:9.0.14]
	at org.apache.catalina.startup.Tomcat.stop(Tomcat.java:408) [tomcat-embed-core-9.0.14.jar:9.0.14]
	at org.springframework.boot.web.embedded.tomcat.TomcatWebServer.stopTomcat(TomcatWebServer.java:250) [spring-boot-2.1.2.RELEASE.jar:2.1.2.RELEASE]
	at org.springframework.boot.web.embedded.tomcat.TomcatWebServer.stop(TomcatWebServer.java:306) [spring-boot-2.1.2.RELEASE.jar:2.1.2.RELEASE]
	at org.springframework.boot.web.servlet.context.ServletWebServerApplicationContext.stopAndReleaseWebServer(ServletWebServerApplicationContext.java:320) [spring-boot-2.1.2.RELEASE.jar:2.1.2.RELEASE]
	at org.springframework.boot.web.servlet.context.ServletWebServerApplicationContext.refresh(ServletWebServerApplicationContext.java:145) [spring-boot-2.1.2.RELEASE.jar:2.1.2.RELEASE]
	at org.springframework.boot.SpringApplication.refresh(SpringApplication.java:775) [spring-boot-2.1.2.RELEASE.jar:2.1.2.RELEASE]
	at org.springframework.boot.SpringApplication.refreshContext(SpringApplication.java:397) [spring-boot-2.1.2.RELEASE.jar:2.1.2.RELEASE]
	at org.springframework.boot.SpringApplication.run(SpringApplication.java:316) [spring-boot-2.1.2.RELEASE.jar:2.1.2.RELEASE]
	at org.springframework.boot.SpringApplication.run(SpringApplication.java:1260) [spring-boot-2.1.2.RELEASE.jar:2.1.2.RELEASE]
	at org.springframework.boot.SpringApplication.run(SpringApplication.java:1248) [spring-boot-2.1.2.RELEASE.jar:2.1.2.RELEASE]
	at com.hubu.SpringbootApplication.main(SpringbootApplication.java:51) [classes/:?]
	at sun.reflect.NativeMethodAccessorImpl.invoke0(Native Method) ~[?:1.8.0_131]
	at sun.reflect.NativeMethodAccessorImpl.invoke(NativeMethodAccessorImpl.java:62) ~[?:1.8.0_131]
	at sun.reflect.DelegatingMethodAccessorImpl.invoke(DelegatingMethodAccessorImpl.java:43) ~[?:1.8.0_131]
	at java.lang.reflect.Method.invoke(Method.java:498) ~[?:1.8.0_131]
	at org.springframework.boot.devtools.restart.RestartLauncher.run(RestartLauncher.java:49) [spring-boot-devtools-2.1.2.RELEASE.jar:2.1.2.RELEASE]

2019.03.23 at 17:25:20 CST ERROR org.springframework.boot.diagnostics.LoggingFailureAnalysisReporter 42 report - 

***************************
APPLICATION FAILED TO START
***************************

Description:

Field recordMapper in com.hubu.socket.SocketThread required a bean of type 'mapper.RecordMapper' that could not be found.

The injection point has the following annotations:
	- @org.springframework.beans.factory.annotation.Autowired(required=true)


Action:

Consider defining a bean of type 'mapper.RecordMapper' in your configuration.

2019.03.23 at 17:28:29 CST ERROR org.apache.juli.logging.DirectJDKLog 175 log - Failed to destroy the filter named [Tomcat WebSocket (JSR356) Filter] of type [org.apache.tomcat.websocket.server.WsFilter] java.lang.AbstractMethodError: org.apache.tomcat.websocket.server.WsFilter.destroy()V
	at org.apache.catalina.core.ApplicationFilterConfig.release(ApplicationFilterConfig.java:301) [tomcat-embed-core-9.0.14.jar:9.0.14]
	at org.apache.catalina.core.StandardContext.filterStop(StandardContext.java:4543) [tomcat-embed-core-9.0.14.jar:9.0.14]
	at org.apache.catalina.core.StandardContext.stopInternal(StandardContext.java:5345) [tomcat-embed-core-9.0.14.jar:9.0.14]
	at org.apache.catalina.util.LifecycleBase.stop(LifecycleBase.java:257) [tomcat-embed-core-9.0.14.jar:9.0.14]
	at org.apache.catalina.core.ContainerBase$StopChild.call(ContainerBase.java:1398) [tomcat-embed-core-9.0.14.jar:9.0.14]
	at org.apache.catalina.core.ContainerBase$StopChild.call(ContainerBase.java:1387) [tomcat-embed-core-9.0.14.jar:9.0.14]
	at java.util.concurrent.FutureTask.run(FutureTask.java:266) [?:1.8.0_131]
	at org.apache.tomcat.util.threads.InlineExecutorService.execute(InlineExecutorService.java:75) [tomcat-embed-core-9.0.14.jar:9.0.14]
	at java.util.concurrent.AbstractExecutorService.submit(AbstractExecutorService.java:134) [?:1.8.0_131]
	at org.apache.catalina.core.ContainerBase.stopInternal(ContainerBase.java:974) [tomcat-embed-core-9.0.14.jar:9.0.14]
	at org.apache.catalina.util.LifecycleBase.stop(LifecycleBase.java:257) [tomcat-embed-core-9.0.14.jar:9.0.14]
	at org.apache.catalina.core.ContainerBase$StopChild.call(ContainerBase.java:1398) [tomcat-embed-core-9.0.14.jar:9.0.14]
	at org.apache.catalina.core.ContainerBase$StopChild.call(ContainerBase.java:1387) [tomcat-embed-core-9.0.14.jar:9.0.14]
	at java.util.concurrent.FutureTask.run(FutureTask.java:266) [?:1.8.0_131]
	at org.apache.tomcat.util.threads.InlineExecutorService.execute(InlineExecutorService.java:75) [tomcat-embed-core-9.0.14.jar:9.0.14]
	at java.util.concurrent.AbstractExecutorService.submit(AbstractExecutorService.java:134) [?:1.8.0_131]
	at org.apache.catalina.core.ContainerBase.stopInternal(ContainerBase.java:974) [tomcat-embed-core-9.0.14.jar:9.0.14]
	at org.apache.catalina.util.LifecycleBase.stop(LifecycleBase.java:257) [tomcat-embed-core-9.0.14.jar:9.0.14]
	at org.apache.catalina.core.StandardService.stopInternal(StandardService.java:475) [tomcat-embed-core-9.0.14.jar:9.0.14]
	at org.apache.catalina.util.LifecycleBase.stop(LifecycleBase.java:257) [tomcat-embed-core-9.0.14.jar:9.0.14]
	at org.apache.catalina.core.StandardServer.stopInternal(StandardServer.java:995) [tomcat-embed-core-9.0.14.jar:9.0.14]
	at org.apache.catalina.util.LifecycleBase.stop(LifecycleBase.java:257) [tomcat-embed-core-9.0.14.jar:9.0.14]
	at org.apache.catalina.startup.Tomcat.stop(Tomcat.java:408) [tomcat-embed-core-9.0.14.jar:9.0.14]
	at org.springframework.boot.web.embedded.tomcat.TomcatWebServer.stopTomcat(TomcatWebServer.java:250) [spring-boot-2.1.2.RELEASE.jar:2.1.2.RELEASE]
	at org.springframework.boot.web.embedded.tomcat.TomcatWebServer.stop(TomcatWebServer.java:306) [spring-boot-2.1.2.RELEASE.jar:2.1.2.RELEASE]
	at org.springframework.boot.web.servlet.context.ServletWebServerApplicationContext.stopAndReleaseWebServer(ServletWebServerApplicationContext.java:320) [spring-boot-2.1.2.RELEASE.jar:2.1.2.RELEASE]
	at org.springframework.boot.web.servlet.context.ServletWebServerApplicationContext.refresh(ServletWebServerApplicationContext.java:145) [spring-boot-2.1.2.RELEASE.jar:2.1.2.RELEASE]
	at org.springframework.boot.SpringApplication.refresh(SpringApplication.java:775) [spring-boot-2.1.2.RELEASE.jar:2.1.2.RELEASE]
	at org.springframework.boot.SpringApplication.refreshContext(SpringApplication.java:397) [spring-boot-2.1.2.RELEASE.jar:2.1.2.RELEASE]
	at org.springframework.boot.SpringApplication.run(SpringApplication.java:316) [spring-boot-2.1.2.RELEASE.jar:2.1.2.RELEASE]
	at org.springframework.boot.SpringApplication.run(SpringApplication.java:1260) [spring-boot-2.1.2.RELEASE.jar:2.1.2.RELEASE]
	at org.springframework.boot.SpringApplication.run(SpringApplication.java:1248) [spring-boot-2.1.2.RELEASE.jar:2.1.2.RELEASE]
	at com.hubu.SpringbootApplication.main(SpringbootApplication.java:51) [classes/:?]
	at sun.reflect.NativeMethodAccessorImpl.invoke0(Native Method) ~[?:1.8.0_131]
	at sun.reflect.NativeMethodAccessorImpl.invoke(NativeMethodAccessorImpl.java:62) ~[?:1.8.0_131]
	at sun.reflect.DelegatingMethodAccessorImpl.invoke(DelegatingMethodAccessorImpl.java:43) ~[?:1.8.0_131]
	at java.lang.reflect.Method.invoke(Method.java:498) ~[?:1.8.0_131]
	at org.springframework.boot.devtools.restart.RestartLauncher.run(RestartLauncher.java:49) [spring-boot-devtools-2.1.2.RELEASE.jar:2.1.2.RELEASE]

2019.03.23 at 17:28:29 CST ERROR org.springframework.boot.diagnostics.LoggingFailureAnalysisReporter 42 report - 

***************************
APPLICATION FAILED TO START
***************************

Description:

Field recordMapper in com.hubu.socket.SocketThread required a bean of type 'mapper.RecordMapper' that could not be found.

The injection point has the following annotations:
	- @org.springframework.beans.factory.annotation.Autowired(required=true)


Action:

Consider defining a bean of type 'mapper.RecordMapper' in your configuration.

2019.03.23 at 17:30:08 CST ERROR org.apache.juli.logging.DirectJDKLog 175 log - Failed to destroy the filter named [Tomcat WebSocket (JSR356) Filter] of type [org.apache.tomcat.websocket.server.WsFilter] java.lang.AbstractMethodError: org.apache.tomcat.websocket.server.WsFilter.destroy()V
	at org.apache.catalina.core.ApplicationFilterConfig.release(ApplicationFilterConfig.java:301) [tomcat-embed-core-9.0.14.jar:9.0.14]
	at org.apache.catalina.core.StandardContext.filterStop(StandardContext.java:4543) [tomcat-embed-core-9.0.14.jar:9.0.14]
	at org.apache.catalina.core.StandardContext.stopInternal(StandardContext.java:5345) [tomcat-embed-core-9.0.14.jar:9.0.14]
	at org.apache.catalina.util.LifecycleBase.stop(LifecycleBase.java:257) [tomcat-embed-core-9.0.14.jar:9.0.14]
	at org.apache.catalina.core.ContainerBase$StopChild.call(ContainerBase.java:1398) [tomcat-embed-core-9.0.14.jar:9.0.14]
	at org.apache.catalina.core.ContainerBase$StopChild.call(ContainerBase.java:1387) [tomcat-embed-core-9.0.14.jar:9.0.14]
	at java.util.concurrent.FutureTask.run(FutureTask.java:266) [?:1.8.0_131]
	at org.apache.tomcat.util.threads.InlineExecutorService.execute(InlineExecutorService.java:75) [tomcat-embed-core-9.0.14.jar:9.0.14]
	at java.util.concurrent.AbstractExecutorService.submit(AbstractExecutorService.java:134) [?:1.8.0_131]
	at org.apache.catalina.core.ContainerBase.stopInternal(ContainerBase.java:974) [tomcat-embed-core-9.0.14.jar:9.0.14]
	at org.apache.catalina.util.LifecycleBase.stop(LifecycleBase.java:257) [tomcat-embed-core-9.0.14.jar:9.0.14]
	at org.apache.catalina.core.ContainerBase$StopChild.call(ContainerBase.java:1398) [tomcat-embed-core-9.0.14.jar:9.0.14]
	at org.apache.catalina.core.ContainerBase$StopChild.call(ContainerBase.java:1387) [tomcat-embed-core-9.0.14.jar:9.0.14]
	at java.util.concurrent.FutureTask.run(FutureTask.java:266) [?:1.8.0_131]
	at org.apache.tomcat.util.threads.InlineExecutorService.execute(InlineExecutorService.java:75) [tomcat-embed-core-9.0.14.jar:9.0.14]
	at java.util.concurrent.AbstractExecutorService.submit(AbstractExecutorService.java:134) [?:1.8.0_131]
	at org.apache.catalina.core.ContainerBase.stopInternal(ContainerBase.java:974) [tomcat-embed-core-9.0.14.jar:9.0.14]
	at org.apache.catalina.util.LifecycleBase.stop(LifecycleBase.java:257) [tomcat-embed-core-9.0.14.jar:9.0.14]
	at org.apache.catalina.core.StandardService.stopInternal(StandardService.java:475) [tomcat-embed-core-9.0.14.jar:9.0.14]
	at org.apache.catalina.util.LifecycleBase.stop(LifecycleBase.java:257) [tomcat-embed-core-9.0.14.jar:9.0.14]
	at org.apache.catalina.core.StandardServer.stopInternal(StandardServer.java:995) [tomcat-embed-core-9.0.14.jar:9.0.14]
	at org.apache.catalina.util.LifecycleBase.stop(LifecycleBase.java:257) [tomcat-embed-core-9.0.14.jar:9.0.14]
	at org.apache.catalina.startup.Tomcat.stop(Tomcat.java:408) [tomcat-embed-core-9.0.14.jar:9.0.14]
	at org.springframework.boot.web.embedded.tomcat.TomcatWebServer.stopTomcat(TomcatWebServer.java:250) [spring-boot-2.1.2.RELEASE.jar:2.1.2.RELEASE]
	at org.springframework.boot.web.embedded.tomcat.TomcatWebServer.stop(TomcatWebServer.java:306) [spring-boot-2.1.2.RELEASE.jar:2.1.2.RELEASE]
	at org.springframework.boot.web.servlet.context.ServletWebServerApplicationContext.stopAndReleaseWebServer(ServletWebServerApplicationContext.java:320) [spring-boot-2.1.2.RELEASE.jar:2.1.2.RELEASE]
	at org.springframework.boot.web.servlet.context.ServletWebServerApplicationContext.refresh(ServletWebServerApplicationContext.java:145) [spring-boot-2.1.2.RELEASE.jar:2.1.2.RELEASE]
	at org.springframework.boot.SpringApplication.refresh(SpringApplication.java:775) [spring-boot-2.1.2.RELEASE.jar:2.1.2.RELEASE]
	at org.springframework.boot.SpringApplication.refreshContext(SpringApplication.java:397) [spring-boot-2.1.2.RELEASE.jar:2.1.2.RELEASE]
	at org.springframework.boot.SpringApplication.run(SpringApplication.java:316) [spring-boot-2.1.2.RELEASE.jar:2.1.2.RELEASE]
	at org.springframework.boot.SpringApplication.run(SpringApplication.java:1260) [spring-boot-2.1.2.RELEASE.jar:2.1.2.RELEASE]
	at org.springframework.boot.SpringApplication.run(SpringApplication.java:1248) [spring-boot-2.1.2.RELEASE.jar:2.1.2.RELEASE]
	at com.hubu.SpringbootApplication.main(SpringbootApplication.java:51) [classes/:?]
	at sun.reflect.NativeMethodAccessorImpl.invoke0(Native Method) ~[?:1.8.0_131]
	at sun.reflect.NativeMethodAccessorImpl.invoke(NativeMethodAccessorImpl.java:62) ~[?:1.8.0_131]
	at sun.reflect.DelegatingMethodAccessorImpl.invoke(DelegatingMethodAccessorImpl.java:43) ~[?:1.8.0_131]
	at java.lang.reflect.Method.invoke(Method.java:498) ~[?:1.8.0_131]
	at org.springframework.boot.devtools.restart.RestartLauncher.run(RestartLauncher.java:49) [spring-boot-devtools-2.1.2.RELEASE.jar:2.1.2.RELEASE]

2019.03.23 at 17:30:09 CST ERROR org.springframework.boot.diagnostics.LoggingFailureAnalysisReporter 42 report - 

***************************
APPLICATION FAILED TO START
***************************

Description:

Field recordMapper in com.hubu.controller.RecordController required a bean of type 'mapper.RecordMapper' that could not be found.

The injection point has the following annotations:
	- @org.springframework.beans.factory.annotation.Autowired(required=true)


Action:

Consider defining a bean of type 'mapper.RecordMapper' in your configuration.

2019.03.23 at 17:32:18 CST ERROR com.hubu.controller.RecordController 135 getRecordWithPageByCriteria - java.lang.NullPointerException
